
🛈  Finished transaction: 245204ea89b8415abe594bbd11410b0e, 3.82 seconds

  #    Timestamp       %     Total    Nested Call Chain

     1     0.00s  100.0%     3.82s    ✓ async function_a
     2     0.00s    2.7%     0.10s    ¦   ✓ async asyncio.tasks.sleep
     3     0.10s   13.1%     0.50s    ¦   ✓ time.sleep
     4     0.60s   84.2%     3.21s    ¦   ✓ async function_b
     5     0.60s    2.6%     0.10s    ¦   ¦   ✓ async asyncio.tasks.sleep
     6     0.70s   18.4%     0.70s    ¦   ¦   ✓ async function_c
     7     0.70s    2.6%     0.10s    ¦   ¦   ¦   ✓ async asyncio.tasks.sleep
     8     0.81s   13.1%     0.50s    ¦   ¦   ¦   ✓ time.sleep
     9     1.31s    2.7%     0.10s    ¦   ¦   ¦   ✓ async function_d
    10     1.31s    2.6%     0.10s    ¦   ¦   ¦   ¦   ✓ async asyncio.tasks.sleep
    11     1.41s   52.4%     2.00s    ¦   ¦   ✓ time.sleep
    12     3.41s    2.6%     0.10s    ¦   ¦   ✓ async asyncio.tasks.sleep
    13     3.51s    2.6%     0.10s    ¦   ¦   ✓ async function_d
    14     3.51s    2.6%     0.10s    ¦   ¦   ¦   ✓ async asyncio.tasks.sleep
    15     3.61s    2.7%     0.10s    ¦   ¦   ✓ async asyncio.tasks.sleep
    16     3.71s    2.7%     0.10s    ¦   ¦   ✓ async function_e
    17     3.71s    2.7%     0.10s    ¦   ¦   ¦   ✓ async asyncio.tasks.sleep

  Some blocks (skews) occurred in the event loop ¹

  #    Timestamp     Delay

     0     1.40s     2.00s 
     1     0.80s     0.50s 
     2     0.10s     0.49s 

  ¹ Consider reviewing them carefully to improve the overall system throughput
