
🛈  Finished transaction: 1f561c2ec57f497f87b13d98db7a3dda, 0.13 seconds

  #    Timestamp       %     Total    Nested Call Chain

     1     0.00s  100.0%     0.13s    ✓ function_a
     2     0.00s    0.8%     0.00s    ¦   ✓ function_b
     3     0.00s    0.8%     0.00s    ¦   ✓ function_b
     4     0.00s    0.8%     0.00s    ¦   ✓ function_b
     5     0.00s    0.8%     0.00s    ¦   ✓ function_b
     6     0.00s    0.9%     0.00s    ¦   ✓ function_b
     7     0.01s    0.9%     0.00s    ¦   ✓ function_b
     8     0.01s    0.9%     0.00s    ¦   ✓ function_b
     9     0.01s    0.9%     0.00s    ¦   ✓ function_b
    10     0.01s    0.8%     0.00s    ¦   ✓ function_b
    11     0.01s    0.8%     0.00s    ¦   ✓ function_b
    12     0.01s    0.8%     0.00s    ¦   ✓ function_b
    13     0.01s    0.8%     0.00s    ¦   ✓ function_b
    14     0.01s    0.9%     0.00s    ¦   ✓ function_b
    15     0.02s    0.8%     0.00s    ¦   ✓ function_b
    16     0.02s    1.0%     0.00s    ¦   ✓ function_b
    17     0.02s    1.0%     0.00s    ¦   ✓ function_b
    18     0.02s    0.9%     0.00s    ¦   ✓ function_b
    19     0.02s    0.9%     0.00s    ¦   ✓ function_b
    20     0.02s    0.9%     0.00s    ¦   ✓ function_b
    21     0.02s    1.0%     0.00s    ¦   ✓ function_b
    22     0.02s    0.9%     0.00s    ¦   ✓ function_b
    23     0.03s    0.9%     0.00s    ¦   ✓ function_b
    24     0.03s    0.9%     0.00s    ¦   ✓ function_b
    25     0.03s    0.8%     0.00s    ¦   ✓ function_b
    26     0.03s    0.9%     0.00s    ¦   ✓ function_b
    27     0.03s    0.8%     0.00s    ¦   ✓ function_b
    28     0.03s    1.0%     0.00s    ¦   ✓ function_b
    29     0.03s    0.9%     0.00s    ¦   ✓ function_b
    30     0.03s    1.0%     0.00s    ¦   ✓ function_b
    31     0.04s    1.0%     0.00s    ¦   ✓ function_b
    32     0.04s    0.8%     0.00s    ¦   ✓ function_b
    33     0.04s    0.9%     0.00s    ¦   ✓ function_b
    34     0.04s    0.8%     0.00s    ¦   ✓ function_b
    35     0.04s    1.0%     0.00s    ¦   ✓ function_b
    36     0.04s    1.0%     0.00s    ¦   ✓ function_b
    37     0.04s    1.0%     0.00s    ¦   ✓ function_b
    38     0.04s    1.0%     0.00s    ¦   ✓ function_b
    39     0.05s    1.0%     0.00s    ¦   ✓ function_b
    40     0.05s    0.9%     0.00s    ¦   ✓ function_b
    41     0.05s    0.9%     0.00s    ¦   ✓ function_b
    42     0.05s    1.0%     0.00s    ¦   ✓ function_b
    43     0.05s    1.0%     0.00s    ¦   ✓ function_b
    44     0.05s    1.0%     0.00s    ¦   ✓ function_b
    45     0.05s    1.0%     0.00s    ¦   ✓ function_b
    46     0.06s    1.0%     0.00s    ¦   ✓ function_b
    47     0.06s    1.0%     0.00s    ¦   ✓ function_b
    48     0.06s    1.0%     0.00s    ¦   ✓ function_b
    49     0.06s    1.0%     0.00s    ¦   ✓ function_b
    50     0.06s    1.0%     0.00s    ¦   ✓ function_b
    51     0.06s    0.9%     0.00s    ¦   ✓ function_b
    52     0.06s    0.9%     0.00s    ¦   ✓ function_b
    53     0.07s    0.9%     0.00s    ¦   ✓ function_b
    54     0.07s    0.9%     0.00s    ¦   ✓ function_b
    55     0.07s    0.9%     0.00s    ¦   ✓ function_b
    56     0.07s    1.0%     0.00s    ¦   ✓ function_b
    57     0.07s    1.0%     0.00s    ¦   ✓ function_b
    58     0.07s    1.0%     0.00s    ¦   ✓ function_b
    59     0.07s    1.0%     0.00s    ¦   ✓ function_b
    60     0.07s    1.0%     0.00s    ¦   ✓ function_b
    61     0.08s    1.0%     0.00s    ¦   ✓ function_b
    62     0.08s    1.0%     0.00s    ¦   ✓ function_b
    63     0.08s    1.0%     0.00s    ¦   ✓ function_b
    64     0.08s    0.9%     0.00s    ¦   ✓ function_b
    65     0.08s    0.9%     0.00s    ¦   ✓ function_b
    66     0.08s    1.0%     0.00s    ¦   ✓ function_b
    67     0.08s    0.9%     0.00s    ¦   ✓ function_b
    68     0.09s    1.0%     0.00s    ¦   ✓ function_b
    69     0.09s    1.0%     0.00s    ¦   ✓ function_b
    70     0.09s    1.0%     0.00s    ¦   ✓ function_b
    71     0.09s    1.0%     0.00s    ¦   ✓ function_b
    72     0.09s    1.0%     0.00s    ¦   ✓ function_b
    73     0.09s    1.0%     0.00s    ¦   ✓ function_b
    74     0.09s    1.0%     0.00s    ¦   ✓ function_b
    75     0.10s    1.0%     0.00s    ¦   ✓ function_b
    76     0.10s    1.0%     0.00s    ¦   ✓ function_b
    77     0.10s    1.0%     0.00s    ¦   ✓ function_b
    78     0.10s    0.9%     0.00s    ¦   ✓ function_b
    79     0.10s    1.0%     0.00s    ¦   ✓ function_b
    80     0.10s    0.9%     0.00s    ¦   ✓ function_b
    81     0.10s    0.9%     0.00s    ¦   ✓ function_b
    82     0.11s    1.0%     0.00s    ¦   ✓ function_b
    83     0.11s    1.0%     0.00s    ¦   ✓ function_b
    84     0.11s    0.9%     0.00s    ¦   ✓ function_b
    85     0.11s    1.0%     0.00s    ¦   ✓ function_b
    86     0.11s    1.0%     0.00s    ¦   ✓ function_b
    87     0.11s    1.0%     0.00s    ¦   ✓ function_b
    88     0.11s    0.9%     0.00s    ¦   ✓ function_b
    89     0.12s    0.9%     0.00s    ¦   ✓ function_b
    90     0.12s    1.0%     0.00s    ¦   ✓ function_b
    91     0.12s    1.0%     0.00s    ¦   ✓ function_b
    92     0.12s    1.0%     0.00s    ¦   ✓ function_b
    93     0.12s    1.0%     0.00s    ¦   ✓ function_b
    94     0.12s    1.0%     0.00s    ¦   ✓ function_b
    95     0.12s    1.0%     0.00s    ¦   ✓ function_b
    96     0.12s    1.0%     0.00s    ¦   ✓ function_b
    97     0.13s    0.9%     0.00s    ¦   ✓ function_b
    98     0.13s    0.9%     0.00s    ¦   ✓ function_b
    99     0.13s    1.0%     0.00s    ¦   ✓ function_b
   100     0.13s    1.0%     0.00s    ¦   ✓ function_b
   101     0.13s    0.9%     0.00s    ¦   ✓ function_b
